{
  "/Users/warwicknortier/Projects/serious-projects/game-of-thrones-catalogue/src/components/About.tsx": {
    "path": "/Users/warwicknortier/Projects/serious-projects/game-of-thrones-catalogue/src/components/About.tsx",
    "statementMap": {
      "0": {
        "start": { "line": 5, "column": 14 },
        "end": { "line": 72, "column": 1 }
      },
      "1": {
        "start": { "line": 6, "column": 26 },
        "end": { "line": 6, "column": 43 }
      },
      "2": {
        "start": { "line": 8, "column": 18 },
        "end": { "line": 11, "column": 3 }
      },
      "3": {
        "start": { "line": 9, "column": 16 },
        "end": { "line": 9, "column": 72 }
      },
      "4": {
        "start": { "line": 10, "column": 4 },
        "end": { "line": 10, "column": 22 }
      },
      "5": {
        "start": { "line": 13, "column": 2 },
        "end": { "line": 15, "column": 9 }
      },
      "6": {
        "start": { "line": 14, "column": 4 },
        "end": { "line": 14, "column": 14 }
      },
      "7": {
        "start": { "line": 17, "column": 2 },
        "end": { "line": 71, "column": 4 }
      }
    },
    "fnMap": {
      "0": {
        "name": "(anonymous_0)",
        "decl": {
          "start": { "line": 5, "column": 14 },
          "end": { "line": 5, "column": 15 }
        },
        "loc": {
          "start": { "line": 5, "column": 20 },
          "end": { "line": 72, "column": 1 }
        },
        "line": 5
      },
      "1": {
        "name": "(anonymous_1)",
        "decl": {
          "start": { "line": 8, "column": 18 },
          "end": { "line": 8, "column": 19 }
        },
        "loc": {
          "start": { "line": 8, "column": 30 },
          "end": { "line": 11, "column": 3 }
        },
        "line": 8
      },
      "2": {
        "name": "(anonymous_2)",
        "decl": {
          "start": { "line": 13, "column": 12 },
          "end": { "line": 13, "column": 13 }
        },
        "loc": {
          "start": { "line": 13, "column": 18 },
          "end": { "line": 15, "column": 3 }
        },
        "line": 13
      }
    },
    "branchMap": {},
    "s": { "0": 0, "1": 0, "2": 0, "3": 0, "4": 0, "5": 0, "6": 0, "7": 0 },
    "f": { "0": 0, "1": 0, "2": 0 },
    "b": {}
  },
  "/Users/warwicknortier/Projects/serious-projects/game-of-thrones-catalogue/src/components/ErrorPage.tsx": {
    "path": "/Users/warwicknortier/Projects/serious-projects/game-of-thrones-catalogue/src/components/ErrorPage.tsx",
    "statementMap": {
      "0": {
        "start": { "line": 5, "column": 2 },
        "end": { "line": 9, "column": 9 }
      },
      "1": {
        "start": { "line": 8, "column": 4 },
        "end": { "line": 8, "column": 23 }
      },
      "2": {
        "start": { "line": 10, "column": 2 },
        "end": { "line": 10, "column": 60 }
      }
    },
    "fnMap": {
      "0": {
        "name": "ErrorPage",
        "decl": {
          "start": { "line": 4, "column": 24 },
          "end": { "line": 4, "column": 33 }
        },
        "loc": {
          "start": { "line": 4, "column": 36 },
          "end": { "line": 11, "column": 1 }
        },
        "line": 4
      },
      "1": {
        "name": "(anonymous_1)",
        "decl": {
          "start": { "line": 5, "column": 12 },
          "end": { "line": 5, "column": 13 }
        },
        "loc": {
          "start": { "line": 5, "column": 18 },
          "end": { "line": 9, "column": 3 }
        },
        "line": 5
      }
    },
    "branchMap": {},
    "s": { "0": 0, "1": 0, "2": 0 },
    "f": { "0": 0, "1": 0 },
    "b": {}
  },
  "/Users/warwicknortier/Projects/serious-projects/game-of-thrones-catalogue/src/components/Home.tsx": {
    "path": "/Users/warwicknortier/Projects/serious-projects/game-of-thrones-catalogue/src/components/Home.tsx",
    "statementMap": {
      "0": {
        "start": { "line": 4, "column": 13 },
        "end": { "line": 13, "column": 1 }
      },
      "1": {
        "start": { "line": 5, "column": 2 },
        "end": { "line": 12, "column": 4 }
      }
    },
    "fnMap": {
      "0": {
        "name": "(anonymous_0)",
        "decl": {
          "start": { "line": 4, "column": 13 },
          "end": { "line": 4, "column": 14 }
        },
        "loc": {
          "start": { "line": 4, "column": 19 },
          "end": { "line": 13, "column": 1 }
        },
        "line": 4
      }
    },
    "branchMap": {},
    "s": { "0": 0, "1": 0 },
    "f": { "0": 0 },
    "b": {}
  },
  "/Users/warwicknortier/Projects/serious-projects/game-of-thrones-catalogue/src/components/Lore.tsx": {
    "path": "/Users/warwicknortier/Projects/serious-projects/game-of-thrones-catalogue/src/components/Lore.tsx",
    "statementMap": {
      "0": {
        "start": { "line": 5, "column": 13 },
        "end": { "line": 33, "column": 1 }
      },
      "1": {
        "start": { "line": 6, "column": 26 },
        "end": { "line": 6, "column": 43 }
      },
      "2": {
        "start": { "line": 8, "column": 18 },
        "end": { "line": 11, "column": 3 }
      },
      "3": {
        "start": { "line": 9, "column": 16 },
        "end": { "line": 9, "column": 72 }
      },
      "4": {
        "start": { "line": 10, "column": 4 },
        "end": { "line": 10, "column": 22 }
      },
      "5": {
        "start": { "line": 13, "column": 2 },
        "end": { "line": 15, "column": 9 }
      },
      "6": {
        "start": { "line": 14, "column": 4 },
        "end": { "line": 14, "column": 14 }
      },
      "7": {
        "start": { "line": 17, "column": 2 },
        "end": { "line": 32, "column": 4 }
      }
    },
    "fnMap": {
      "0": {
        "name": "(anonymous_0)",
        "decl": {
          "start": { "line": 5, "column": 13 },
          "end": { "line": 5, "column": 14 }
        },
        "loc": {
          "start": { "line": 5, "column": 19 },
          "end": { "line": 33, "column": 1 }
        },
        "line": 5
      },
      "1": {
        "name": "(anonymous_1)",
        "decl": {
          "start": { "line": 8, "column": 18 },
          "end": { "line": 8, "column": 19 }
        },
        "loc": {
          "start": { "line": 8, "column": 30 },
          "end": { "line": 11, "column": 3 }
        },
        "line": 8
      },
      "2": {
        "name": "(anonymous_2)",
        "decl": {
          "start": { "line": 13, "column": 12 },
          "end": { "line": 13, "column": 13 }
        },
        "loc": {
          "start": { "line": 13, "column": 18 },
          "end": { "line": 15, "column": 3 }
        },
        "line": 13
      }
    },
    "branchMap": {},
    "s": { "0": 0, "1": 0, "2": 0, "3": 0, "4": 0, "5": 0, "6": 0, "7": 0 },
    "f": { "0": 0, "1": 0, "2": 0 },
    "b": {}
  },
  "/Users/warwicknortier/Projects/serious-projects/game-of-thrones-catalogue/src/data/users.ts": {
    "path": "/Users/warwicknortier/Projects/serious-projects/game-of-thrones-catalogue/src/data/users.ts",
    "statementMap": {
      "0": {
        "start": { "line": 1, "column": 29 },
        "end": { "line": 30, "column": 1 }
      },
      "1": {
        "start": { "line": 2, "column": 16 },
        "end": { "line": 23, "column": 3 }
      },
      "2": {
        "start": { "line": 29, "column": 2 },
        "end": { "line": 29, "column": 15 }
      }
    },
    "fnMap": {
      "0": {
        "name": "(anonymous_0)",
        "decl": {
          "start": { "line": 1, "column": 29 },
          "end": { "line": 1, "column": 30 }
        },
        "loc": {
          "start": { "line": 1, "column": 35 },
          "end": { "line": 30, "column": 1 }
        },
        "line": 1
      }
    },
    "branchMap": {},
    "s": { "0": 0, "1": 0, "2": 0 },
    "f": { "0": 0 },
    "b": {}
  }
}
