{"/Users/warwicknortier/Projects/serious-projects/game-of-thrones-catalogue/src/pages/Login.tsx": {"path":"/Users/warwicknortier/Projects/serious-projects/game-of-thrones-catalogue/src/pages/Login.tsx","statementMap":{"0":{"start":{"line":1,"column":0},"end":{"line":1,"column":44}},"1":{"start":{"line":2,"column":0},"end":{"line":2,"column":40}},"2":{"start":{"line":3,"column":0},"end":{"line":3,"column":44}},"3":{"start":{"line":4,"column":0},"end":{"line":4,"column":52}},"4":{"start":{"line":6,"column":0},"end":{"line":6,"column":44}},"5":{"start":{"line":7,"column":0},"end":{"line":7,"column":47}},"6":{"start":{"line":8,"column":0},"end":{"line":8,"column":55}},"7":{"start":{"line":9,"column":0},"end":{"line":9,"column":44}},"8":{"start":{"line":10,"column":0},"end":{"line":10,"column":46}},"9":{"start":{"line":20,"column":26},"end":{"line":20,"column":46}},"10":{"start":{"line":21,"column":42},"end":{"line":21,"column":54}},"11":{"start":{"line":22,"column":36},"end":{"line":22,"column":48}},"12":{"start":{"line":23,"column":30},"end":{"line":23,"column":75}},"13":{"start":{"line":24,"column":32},"end":{"line":24,"column":47}},"14":{"start":{"line":25,"column":44},"end":{"line":25,"column":59}},"15":{"start":{"line":26,"column":19},"end":{"line":26,"column":32}},"16":{"start":{"line":27,"column":23},"end":{"line":27,"column":79}},"17":{"start":{"line":28,"column":19},"end":{"line":28,"column":73}},"18":{"start":{"line":29,"column":19},"end":{"line":29,"column":65}},"19":{"start":{"line":31,"column":2},"end":{"line":65,"column":5}},"20":{"start":{"line":32,"column":4},"end":{"line":64,"column":6}},"21":{"start":{"line":34,"column":8},"end":{"line":34,"column":28}},"22":{"start":{"line":35,"column":23},"end":{"line":35,"column":28}},"23":{"start":{"line":36,"column":8},"end":{"line":40,"column":null}},"24":{"start":{"line":37,"column":10},"end":{"line":37,"column":63}},"25":{"start":{"line":39,"column":10},"end":{"line":39,"column":43}},"26":{"start":{"line":41,"column":8},"end":{"line":61,"column":null}},"27":{"start":{"line":42,"column":10},"end":{"line":42,"column":46}},"28":{"start":{"line":43,"column":10},"end":{"line":43,"column":42}},"29":{"start":{"line":44,"column":10},"end":{"line":44,"column":52}},"30":{"start":{"line":48,"column":10},"end":{"line":60,"column":19}},"31":{"start":{"line":49,"column":12},"end":{"line":49,"column":44}},"32":{"start":{"line":51,"column":12},"end":{"line":59,"column":20}},"33":{"start":{"line":52,"column":15},"end":{"line":52,"column":52}},"34":{"start":{"line":53,"column":14},"end":{"line":53,"column":47}},"35":{"start":{"line":54,"column":14},"end":{"line":54,"column":43}},"36":{"start":{"line":55,"column":14},"end":{"line":55,"column":53}},"37":{"start":{"line":56,"column":14},"end":{"line":56,"column":48}},"38":{"start":{"line":57,"column":14},"end":{"line":57,"column":51}},"39":{"start":{"line":58,"column":14},"end":{"line":58,"column":30}},"40":{"start":{"line":67,"column":35},"end":{"line":69,"column":3}},"41":{"start":{"line":68,"column":4},"end":{"line":68,"column":55}},"42":{"start":{"line":71,"column":22},"end":{"line":115,"column":3}},"43":{"start":{"line":72,"column":4},"end":{"line":72,"column":51}},"44":{"start":{"line":73,"column":4},"end":{"line":73,"column":23}},"45":{"start":{"line":74,"column":26},"end":{"line":76,"column":22}},"46":{"start":{"line":75,"column":51},"end":{"line":75,"column":58}},"47":{"start":{"line":77,"column":25},"end":{"line":79,"column":21}},"48":{"start":{"line":78,"column":51},"end":{"line":78,"column":57}},"49":{"start":{"line":81,"column":26},"end":{"line":81,"column":57}},"50":{"start":{"line":82,"column":4},"end":{"line":114,"column":7}},"51":{"start":{"line":83,"column":6},"end":{"line":113,"column":null}},"52":{"start":{"line":84,"column":8},"end":{"line":84,"column":54}},"53":{"start":{"line":85,"column":13},"end":{"line":113,"column":null}},"54":{"start":{"line":86,"column":8},"end":{"line":86,"column":54}},"55":{"start":{"line":87,"column":13},"end":{"line":113,"column":null}},"56":{"start":{"line":88,"column":8},"end":{"line":88,"column":53}},"57":{"start":{"line":90,"column":8},"end":{"line":90,"column":25}},"58":{"start":{"line":91,"column":8},"end":{"line":112,"column":17}},"59":{"start":{"line":92,"column":10},"end":{"line":92,"column":57}},"60":{"start":{"line":93,"column":10},"end":{"line":93,"column":36}},"61":{"start":{"line":94,"column":10},"end":{"line":94,"column":51}},"62":{"start":{"line":95,"column":10},"end":{"line":95,"column":47}},"63":{"start":{"line":96,"column":10},"end":{"line":102,"column":null}},"64":{"start":{"line":97,"column":12},"end":{"line":97,"column":57}},"65":{"start":{"line":98,"column":12},"end":{"line":98,"column":49}},"66":{"start":{"line":100,"column":12},"end":{"line":100,"column":45}},"67":{"start":{"line":101,"column":12},"end":{"line":101,"column":52}},"68":{"start":{"line":103,"column":10},"end":{"line":105,"column":40}},"69":{"start":{"line":106,"column":10},"end":{"line":106,"column":79}},"70":{"start":{"line":107,"column":10},"end":{"line":109,"column":38}},"71":{"start":{"line":110,"column":10},"end":{"line":110,"column":28}},"72":{"start":{"line":111,"column":10},"end":{"line":111,"column":30}},"73":{"start":{"line":117,"column":2},"end":{"line":119,"column":9}},"74":{"start":{"line":121,"column":33},"end":{"line":124,"column":3}},"75":{"start":{"line":122,"column":4},"end":{"line":122,"column":33}},"76":{"start":{"line":123,"column":4},"end":{"line":123,"column":50}},"77":{"start":{"line":126,"column":36},"end":{"line":128,"column":3}},"78":{"start":{"line":127,"column":4},"end":{"line":127,"column":37}},"79":{"start":{"line":129,"column":2},"end":{"line":167,"column":9}},"80":{"start":{"line":130,"column":4},"end":{"line":130,"column":59}},"81":{"start":{"line":132,"column":4},"end":{"line":166,"column":null}},"82":{"start":{"line":136,"column":6},"end":{"line":136,"column":76}},"83":{"start":{"line":136,"column":42},"end":{"line":136,"column":76}},"84":{"start":{"line":137,"column":6},"end":{"line":137,"column":68}},"85":{"start":{"line":138,"column":6},"end":{"line":138,"column":77}},"86":{"start":{"line":140,"column":6},"end":{"line":148,"column":17}},"87":{"start":{"line":141,"column":8},"end":{"line":141,"column":65}},"88":{"start":{"line":141,"column":58},"end":{"line":141,"column":65}},"89":{"start":{"line":142,"column":8},"end":{"line":142,"column":66}},"90":{"start":{"line":144,"column":8},"end":{"line":147,"column":17}},"91":{"start":{"line":150,"column":6},"end":{"line":165,"column":17}},"92":{"start":{"line":151,"column":8},"end":{"line":151,"column":65}},"93":{"start":{"line":151,"column":58},"end":{"line":151,"column":65}},"94":{"start":{"line":152,"column":8},"end":{"line":152,"column":70}},"95":{"start":{"line":153,"column":8},"end":{"line":153,"column":79}},"96":{"start":{"line":155,"column":8},"end":{"line":164,"column":17}},"97":{"start":{"line":156,"column":10},"end":{"line":156,"column":67}},"98":{"start":{"line":156,"column":60},"end":{"line":156,"column":67}},"99":{"start":{"line":157,"column":11},"end":{"line":157,"column":73}},"100":{"start":{"line":158,"column":10},"end":{"line":158,"column":68}},"101":{"start":{"line":159,"column":10},"end":{"line":159,"column":39}},"102":{"start":{"line":160,"column":10},"end":{"line":160,"column":75}},"103":{"start":{"line":161,"column":10},"end":{"line":161,"column":70}},"104":{"start":{"line":162,"column":10},"end":{"line":162,"column":73}},"105":{"start":{"line":163,"column":10},"end":{"line":163,"column":26}},"106":{"start":{"line":169,"column":34},"end":{"line":173,"column":4}},"107":{"start":{"line":175,"column":2},"end":{"line":279,"column":4}},"108":{"start":{"line":210,"column":16},"end":{"line":210,"column":41}},"109":{"start":{"line":233,"column":31},"end":{"line":233,"column":62}},"110":{"start":{"line":262,"column":30},"end":{"line":262,"column":57}},"111":{"start":{"line":269,"column":39},"end":{"line":269,"column":78}},"112":{"start":{"line":282,"column":0},"end":{"line":282,"column":25}}},"fnMap":{"0":{"name":"LoginForm","decl":{"start":{"line":12,"column":9},"end":{"line":12,"column":18}},"loc":{"start":{"line":19,"column":1},"end":{"line":280,"column":1}}},"1":{"name":"(anonymous_2)","decl":{"start":{"line":31,"column":12},"end":{"line":31,"column":15}},"loc":{"start":{"line":31,"column":17},"end":{"line":65,"column":3}}},"2":{"name":"(anonymous_3)","decl":{"start":{"line":32,"column":25},"end":{"line":32,"column":35}},"loc":{"start":{"line":32,"column":72},"end":{"line":64,"column":5}}},"3":{"name":"(anonymous_4)","decl":{"start":{"line":48,"column":21},"end":{"line":48,"column":24}},"loc":{"start":{"line":48,"column":26},"end":{"line":60,"column":11}}},"4":{"name":"(anonymous_5)","decl":{"start":{"line":51,"column":23},"end":{"line":51,"column":26}},"loc":{"start":{"line":51,"column":28},"end":{"line":59,"column":13}}},"5":{"name":"(anonymous_6)","decl":{"start":{"line":67,"column":35},"end":{"line":67,"column":38}},"loc":{"start":{"line":67,"column":40},"end":{"line":69,"column":3}}},"6":{"name":"(anonymous_7)","decl":{"start":{"line":71,"column":22},"end":{"line":71,"column":27}},"loc":{"start":{"line":71,"column":74},"end":{"line":115,"column":3}}},"7":{"name":"(anonymous_8)","decl":{"start":{"line":75,"column":11},"end":{"line":75,"column":12}},"loc":{"start":{"line":75,"column":51},"end":{"line":75,"column":58}}},"8":{"name":"(anonymous_9)","decl":{"start":{"line":78,"column":11},"end":{"line":78,"column":12}},"loc":{"start":{"line":78,"column":51},"end":{"line":78,"column":57}}},"9":{"name":"(anonymous_10)","decl":{"start":{"line":82,"column":28},"end":{"line":82,"column":31}},"loc":{"start":{"line":82,"column":33},"end":{"line":114,"column":5}}},"10":{"name":"(anonymous_11)","decl":{"start":{"line":91,"column":19},"end":{"line":91,"column":22}},"loc":{"start":{"line":91,"column":24},"end":{"line":112,"column":9}}},"11":{"name":"(anonymous_12)","decl":{"start":{"line":117,"column":12},"end":{"line":117,"column":15}},"loc":{"start":{"line":117,"column":17},"end":{"line":119,"column":3}}},"12":{"name":"(anonymous_13)","decl":{"start":{"line":121,"column":33},"end":{"line":121,"column":34}},"loc":{"start":{"line":121,"column":76},"end":{"line":124,"column":3}}},"13":{"name":"(anonymous_14)","decl":{"start":{"line":126,"column":36},"end":{"line":126,"column":39}},"loc":{"start":{"line":126,"column":41},"end":{"line":128,"column":3}}},"14":{"name":"(anonymous_15)","decl":{"start":{"line":129,"column":12},"end":{"line":129,"column":15}},"loc":{"start":{"line":129,"column":17},"end":{"line":167,"column":3}}},"15":{"name":"(anonymous_16)","decl":{"start":{"line":140,"column":17},"end":{"line":140,"column":20}},"loc":{"start":{"line":140,"column":22},"end":{"line":148,"column":7}}},"16":{"name":"(anonymous_17)","decl":{"start":{"line":144,"column":19},"end":{"line":144,"column":22}},"loc":{"start":{"line":144,"column":24},"end":{"line":147,"column":9}}},"17":{"name":"(anonymous_18)","decl":{"start":{"line":150,"column":17},"end":{"line":150,"column":20}},"loc":{"start":{"line":150,"column":22},"end":{"line":165,"column":7}}},"18":{"name":"(anonymous_19)","decl":{"start":{"line":155,"column":19},"end":{"line":155,"column":22}},"loc":{"start":{"line":155,"column":24},"end":{"line":164,"column":9}}},"19":{"name":"(anonymous_20)","decl":{"start":{"line":209,"column":24},"end":{"line":209,"column":25}},"loc":{"start":{"line":210,"column":16},"end":{"line":210,"column":41}}},"20":{"name":"(anonymous_21)","decl":{"start":{"line":233,"column":24},"end":{"line":233,"column":25}},"loc":{"start":{"line":233,"column":31},"end":{"line":233,"column":62}}},"21":{"name":"(anonymous_22)","decl":{"start":{"line":262,"column":24},"end":{"line":262,"column":27}},"loc":{"start":{"line":262,"column":30},"end":{"line":262,"column":57}}},"22":{"name":"(anonymous_23)","decl":{"start":{"line":269,"column":21},"end":{"line":269,"column":22}},"loc":{"start":{"line":269,"column":39},"end":{"line":269,"column":78}}}},"branchMap":{"0":{"loc":{"start":{"line":34,"column":14},"end":{"line":34,"column":27}},"type":"binary-expr","locations":[{"start":{"line":34,"column":14},"end":{"line":34,"column":17}},{"start":{"line":34,"column":21},"end":{"line":34,"column":27}}]},"1":{"loc":{"start":{"line":36,"column":8},"end":{"line":40,"column":null}},"type":"if","locations":[{"start":{"line":36,"column":8},"end":{"line":40,"column":null}},{"start":{"line":38,"column":15},"end":{"line":40,"column":null}}]},"2":{"loc":{"start":{"line":37,"column":21},"end":{"line":37,"column":62}},"type":"binary-expr","locations":[{"start":{"line":37,"column":21},"end":{"line":37,"column":41}},{"start":{"line":37,"column":45},"end":{"line":37,"column":62}}]},"3":{"loc":{"start":{"line":41,"column":8},"end":{"line":61,"column":null}},"type":"if","locations":[{"start":{"line":41,"column":8},"end":{"line":61,"column":null}}]},"4":{"loc":{"start":{"line":68,"column":12},"end":{"line":68,"column":53}},"type":"cond-expr","locations":[{"start":{"line":68,"column":34},"end":{"line":68,"column":40}},{"start":{"line":68,"column":43},"end":{"line":68,"column":53}}]},"5":{"loc":{"start":{"line":81,"column":26},"end":{"line":81,"column":57}},"type":"binary-expr","locations":[{"start":{"line":81,"column":26},"end":{"line":81,"column":40}},{"start":{"line":81,"column":44},"end":{"line":81,"column":57}}]},"6":{"loc":{"start":{"line":83,"column":6},"end":{"line":113,"column":null}},"type":"if","locations":[{"start":{"line":83,"column":6},"end":{"line":113,"column":null}},{"start":{"line":85,"column":13},"end":{"line":113,"column":null}}]},"7":{"loc":{"start":{"line":83,"column":10},"end":{"line":83,"column":49}},"type":"binary-expr","locations":[{"start":{"line":83,"column":10},"end":{"line":83,"column":23}},{"start":{"line":83,"column":27},"end":{"line":83,"column":49}}]},"8":{"loc":{"start":{"line":85,"column":13},"end":{"line":113,"column":null}},"type":"if","locations":[{"start":{"line":85,"column":13},"end":{"line":113,"column":null}},{"start":{"line":87,"column":13},"end":{"line":113,"column":null}}]},"9":{"loc":{"start":{"line":85,"column":17},"end":{"line":85,"column":56}},"type":"binary-expr","locations":[{"start":{"line":85,"column":17},"end":{"line":85,"column":29}},{"start":{"line":85,"column":33},"end":{"line":85,"column":56}}]},"10":{"loc":{"start":{"line":87,"column":13},"end":{"line":113,"column":null}},"type":"if","locations":[{"start":{"line":87,"column":13},"end":{"line":113,"column":null}},{"start":{"line":89,"column":13},"end":{"line":113,"column":null}}]},"11":{"loc":{"start":{"line":96,"column":10},"end":{"line":102,"column":null}},"type":"if","locations":[{"start":{"line":96,"column":10},"end":{"line":102,"column":null}},{"start":{"line":99,"column":17},"end":{"line":102,"column":null}}]},"12":{"loc":{"start":{"line":132,"column":4},"end":{"line":166,"column":null}},"type":"if","locations":[{"start":{"line":132,"column":4},"end":{"line":166,"column":null}}]},"13":{"loc":{"start":{"line":133,"column":6},"end":{"line":134,"column":50}},"type":"binary-expr","locations":[{"start":{"line":133,"column":6},"end":{"line":133,"column":46}},{"start":{"line":134,"column":6},"end":{"line":134,"column":50}}]},"14":{"loc":{"start":{"line":136,"column":6},"end":{"line":136,"column":76}},"type":"if","locations":[{"start":{"line":136,"column":6},"end":{"line":136,"column":76}}]},"15":{"loc":{"start":{"line":141,"column":8},"end":{"line":141,"column":65}},"type":"if","locations":[{"start":{"line":141,"column":8},"end":{"line":141,"column":65}}]},"16":{"loc":{"start":{"line":151,"column":8},"end":{"line":151,"column":65}},"type":"if","locations":[{"start":{"line":151,"column":8},"end":{"line":151,"column":65}}]},"17":{"loc":{"start":{"line":156,"column":10},"end":{"line":156,"column":67}},"type":"if","locations":[{"start":{"line":156,"column":10},"end":{"line":156,"column":67}}]},"18":{"loc":{"start":{"line":177,"column":7},"end":{"line":276,"column":null}},"type":"cond-expr","locations":[{"start":{"line":178,"column":8},"end":{"line":194,"column":null}},{"start":{"line":197,"column":8},"end":{"line":275,"column":null}}]},"19":{"loc":{"start":{"line":185,"column":21},"end":{"line":185,"column":78}},"type":"cond-expr","locations":[{"start":{"line":185,"column":67},"end":{"line":185,"column":73}},{"start":{"line":185,"column":76},"end":{"line":185,"column":78}}]},"20":{"loc":{"start":{"line":219,"column":11},"end":{"line":225,"column":18}},"type":"cond-expr","locations":[{"start":{"line":220,"column":12},"end":{"line":223,"column":null}},{"start":{"line":225,"column":14},"end":{"line":225,"column":18}}]},"21":{"loc":{"start":{"line":248,"column":11},"end":{"line":254,"column":18}},"type":"cond-expr","locations":[{"start":{"line":249,"column":12},"end":{"line":252,"column":null}},{"start":{"line":254,"column":14},"end":{"line":254,"column":18}}]},"22":{"loc":{"start":{"line":267,"column":22},"end":{"line":267,"column":73}},"type":"binary-expr","locations":[{"start":{"line":267,"column":22},"end":{"line":267,"column":44}},{"start":{"line":267,"column":48},"end":{"line":267,"column":73}}]}},"s":{"0":1,"1":1,"2":1,"3":1,"4":1,"5":1,"6":1,"7":1,"8":1,"9":7,"10":7,"11":7,"12":7,"13":7,"14":7,"15":7,"16":7,"17":7,"18":7,"19":7,"20":7,"21":0,"22":0,"23":0,"24":0,"25":0,"26":0,"27":0,"28":0,"29":0,"30":0,"31":0,"32":0,"33":0,"34":0,"35":0,"36":0,"37":0,"38":0,"39":0,"40":7,"41":0,"42":7,"43":1,"44":1,"45":1,"46":4,"47":1,"48":4,"49":1,"50":1,"51":4,"52":0,"53":4,"54":0,"55":4,"56":0,"57":4,"58":4,"59":0,"60":0,"61":0,"62":0,"63":0,"64":0,"65":0,"66":0,"67":0,"68":0,"69":0,"70":0,"71":0,"72":0,"73":7,"74":7,"75":1,"76":1,"77":7,"78":0,"79":7,"80":4,"81":4,"82":0,"83":0,"84":0,"85":0,"86":0,"87":0,"88":0,"89":0,"90":0,"91":0,"92":0,"93":0,"94":0,"95":0,"96":0,"97":0,"98":0,"99":0,"100":0,"101":0,"102":0,"103":0,"104":0,"105":0,"106":7,"107":7,"108":1,"109":1,"110":0,"111":1,"112":1},"f":{"0":7,"1":7,"2":0,"3":0,"4":0,"5":0,"6":1,"7":4,"8":4,"9":4,"10":0,"11":4,"12":1,"13":0,"14":4,"15":0,"16":0,"17":0,"18":0,"19":1,"20":1,"21":0,"22":1},"b":{"0":[0,0],"1":[0,0],"2":[0,0],"3":[0],"4":[0,0],"5":[1,0],"6":[0,4],"7":[4,4],"8":[0,4],"9":[4,4],"10":[0,4],"11":[0,0],"12":[0],"13":[4,0],"14":[0],"15":[0],"16":[0],"17":[0],"18":[1,6],"19":[0,1],"20":[0,6],"21":[0,6],"22":[6,2]}}
}
