TN:
SF:src/App.tsx
FN:20,App
FN:31,(anonymous_2)
FN:46,(anonymous_3)
FN:88,(anonymous_4)
FNF:4
FNH:0
FNDA:0,App
FNDA:0,(anonymous_2)
FNDA:0,(anonymous_3)
FNDA:0,(anonymous_4)
DA:1,0
DA:2,0
DA:3,0
DA:4,0
DA:5,0
DA:6,0
DA:7,0
DA:8,0
DA:9,0
DA:10,0
DA:11,0
DA:12,0
DA:13,0
DA:14,0
DA:15,0
DA:16,0
DA:17,0
DA:18,0
DA:21,0
DA:22,0
DA:25,0
DA:26,0
DA:27,0
DA:29,0
DA:31,0
DA:32,0
DA:33,0
DA:35,0
DA:36,0
DA:37,0
DA:38,0
DA:39,0
DA:41,0
DA:46,0
DA:47,0
DA:49,0
DA:50,0
DA:51,0
DA:52,0
DA:54,0
DA:55,0
DA:58,0
DA:59,0
DA:62,0
DA:69,0
DA:88,0
DA:89,0
DA:90,0
DA:91,0
DA:92,0
DA:95,0
DA:264,0
LF:52
LH:0
BRDA:23,0,0,0
BRDA:23,0,1,0
BRDA:23,1,0,0
BRDA:23,1,1,0
BRDA:32,2,0,0
BRDA:32,2,1,0
BRDA:35,3,0,0
BRDA:35,3,1,0
BRDA:36,4,0,0
BRDA:36,4,1,0
BRDA:36,5,0,0
BRDA:36,5,1,0
BRDA:38,6,0,0
BRDA:38,6,1,0
BRDA:38,7,0,0
BRDA:38,7,1,0
BRDA:38,7,2,0
BRDA:49,8,0,0
BRDA:58,9,0,0
BRDA:90,10,0,0
BRDA:90,10,1,0
BRDA:91,11,0,0
BRDA:100,12,0,0
BRDA:100,12,1,0
BRDA:107,13,0,0
BRDA:107,13,1,0
BRDA:110,14,0,0
BRDA:110,14,1,0
BRDA:110,15,0,0
BRDA:110,15,1,0
BRDA:110,15,2,0
BRDA:139,16,0,0
BRDA:139,16,1,0
BRDA:141,17,0,0
BRDA:141,17,1,0
BRDA:151,18,0,0
BRDA:151,18,1,0
BRDA:153,19,0,0
BRDA:153,19,1,0
BRDA:163,20,0,0
BRDA:163,20,1,0
BRDA:165,21,0,0
BRDA:165,21,1,0
BRDA:175,22,0,0
BRDA:175,22,1,0
BRDA:177,23,0,0
BRDA:177,23,1,0
BRDA:188,24,0,0
BRDA:188,24,1,0
BRDA:190,25,0,0
BRDA:190,25,1,0
BRDA:200,26,0,0
BRDA:200,26,1,0
BRDA:202,27,0,0
BRDA:202,27,1,0
BRDA:213,28,0,0
BRDA:213,28,1,0
BRDA:215,29,0,0
BRDA:215,29,1,0
BRDA:225,30,0,0
BRDA:225,30,1,0
BRDA:227,31,0,0
BRDA:227,31,1,0
BRDA:237,32,0,0
BRDA:237,32,1,0
BRDA:239,33,0,0
BRDA:239,33,1,0
BRF:67
BRH:0
end_of_record
TN:
SF:src/devData.ts
FNF:0
FNH:0
DA:1,0
LF:1
LH:0
BRF:0
BRH:0
end_of_record
TN:
SF:src/main.tsx
FNF:0
FNH:0
DA:1,0
DA:2,0
DA:3,0
DA:4,0
DA:5,0
DA:6,0
DA:7,0
DA:8,0
DA:9,0
DA:10,0
DA:11,0
DA:12,0
DA:13,0
DA:14,0
DA:15,0
DA:16,0
DA:17,0
DA:18,0
DA:19,0
DA:21,0
LF:20
LH:0
BRDA:24,0,0,0
BRDA:24,0,1,0
BRF:2
BRH:0
end_of_record
TN:
SF:src/vite-env.d.ts
FNF:0
FNH:0
LF:0
LH:0
BRF:0
BRH:0
end_of_record
TN:
SF:src/api/api.ts
FN:3,(anonymous_1)
FN:6,(anonymous_2)
FN:15,(anonymous_3)
FN:23,(anonymous_4)
FNF:4
FNH:2
FNDA:4,(anonymous_1)
FNDA:4,(anonymous_2)
FNDA:0,(anonymous_3)
FNDA:0,(anonymous_4)
DA:1,1
DA:3,1
DA:6,4
DA:7,4
DA:11,3
DA:15,4
DA:16,0
DA:20,0
DA:23,4
DA:24,0
DA:28,0
DA:32,4
LF:12
LH:8
BRF:0
BRH:0
end_of_record
TN:
SF:src/components/Breadcrumb.tsx
FN:4,AppBreadcrumb
FN:10,(anonymous_2)
FN:16,(anonymous_3)
FNF:3
FNH:1
FNDA:3,AppBreadcrumb
FNDA:0,(anonymous_2)
FNDA:0,(anonymous_3)
DA:1,3
DA:2,3
DA:5,3
DA:6,3
DA:11,0
DA:16,0
DA:23,3
LF:7
LH:5
BRDA:11,0,0,0
BRDA:11,0,1,0
BRDA:14,1,0,1
BRDA:14,1,1,2
BRDA:17,2,0,1
BRDA:17,2,1,2
BRF:6
BRH:4
end_of_record
TN:
SF:src/components/Modal.tsx
FN:7,MydModalWithGrid
FN:42,AppModal
FN:54,(anonymous_3)
FNF:3
FNH:2
FNDA:2,MydModalWithGrid
FNDA:2,AppModal
FNDA:0,(anonymous_3)
DA:1,2
DA:2,2
DA:3,2
DA:4,2
DA:5,2
DA:13,2
DA:49,2
DA:54,0
DA:59,2
LF:9
LH:8
BRF:0
BRH:0
end_of_record
TN:
SF:src/components/OffCanvas.tsx
FN:6,OffCanvasSettings
FN:18,(anonymous_2)
FN:21,(anonymous_3)
FN:26,(anonymous_4)
FN:36,(anonymous_5)
FN:41,(anonymous_6)
FN:46,(anonymous_7)
FN:52,(anonymous_8)
FN:97,(anonymous_9)
FN:103,(anonymous_10)
FN:122,(anonymous_11)
FN:137,(anonymous_12)
FN:152,(anonymous_13)
FN:157,(anonymous_14)
FNF:14
FNH:1
FNDA:1,OffCanvasSettings
FNDA:0,(anonymous_2)
FNDA:0,(anonymous_3)
FNDA:0,(anonymous_4)
FNDA:0,(anonymous_5)
FNDA:0,(anonymous_6)
FNDA:0,(anonymous_7)
FNDA:0,(anonymous_8)
FNDA:0,(anonymous_9)
FNDA:0,(anonymous_10)
FNDA:0,(anonymous_11)
FNDA:0,(anonymous_12)
FNDA:0,(anonymous_13)
FNDA:0,(anonymous_14)
DA:1,1
DA:2,1
DA:3,1
DA:4,1
DA:10,1
DA:14,1
DA:15,1
DA:16,1
DA:18,1
DA:19,0
DA:21,1
DA:22,0
DA:23,0
DA:26,1
DA:27,0
DA:28,0
DA:29,0
DA:30,0
DA:32,0
DA:36,1
DA:37,0
DA:38,0
DA:41,1
DA:42,0
DA:46,1
DA:47,0
DA:48,0
DA:49,0
DA:52,1
DA:53,0
DA:54,0
DA:57,1
DA:97,0
DA:103,0
DA:122,0
DA:137,0
DA:152,0
DA:157,0
DA:171,1
LF:39
LH:17
BRDA:11,0,0,0
BRDA:11,0,1,1
BRDA:28,1,0,0
BRDA:28,1,1,0
BRDA:29,2,0,0
BRDA:29,2,1,0
BRDA:43,3,0,0
BRDA:43,3,1,0
BRDA:95,4,0,0
BRDA:95,4,1,1
BRDA:120,5,0,0
BRDA:120,5,1,1
BRDA:125,6,0,0
BRDA:125,6,1,1
BRDA:135,7,0,0
BRDA:135,7,1,0
BRDA:150,8,0,0
BRDA:150,8,1,1
BRF:18
BRH:5
end_of_record
TN:
SF:src/components/Paginator.tsx
FN:13,Paginator
FN:38,(anonymous_2)
FN:46,(anonymous_3)
FN:50,(anonymous_4)
FN:54,(anonymous_5)
FN:63,(anonymous_6)
FN:74,(anonymous_7)
FN:83,(anonymous_8)
FN:84,(anonymous_9)
FN:85,(anonymous_10)
FN:86,(anonymous_11)
FN:91,(anonymous_12)
FN:101,(anonymous_13)
FN:109,(anonymous_14)
FN:130,(anonymous_15)
FN:136,(anonymous_16)
FN:143,(anonymous_17)
FN:154,(anonymous_18)
FN:162,(anonymous_19)
FN:171,(anonymous_20)
FN:179,(anonymous_21)
FN:197,(anonymous_22)
FN:207,(anonymous_23)
FNF:23
FNH:8
FNDA:11,Paginator
FNDA:5,(anonymous_2)
FNDA:5,(anonymous_3)
FNDA:5,(anonymous_4)
FNDA:4,(anonymous_5)
FNDA:0,(anonymous_6)
FNDA:0,(anonymous_7)
FNDA:0,(anonymous_8)
FNDA:0,(anonymous_9)
FNDA:0,(anonymous_10)
FNDA:0,(anonymous_11)
FNDA:20,(anonymous_12)
FNDA:0,(anonymous_13)
FNDA:0,(anonymous_14)
FNDA:114,(anonymous_15)
FNDA:0,(anonymous_16)
FNDA:0,(anonymous_17)
FNDA:0,(anonymous_18)
FNDA:0,(anonymous_19)
FNDA:5,(anonymous_20)
FNDA:0,(anonymous_21)
FNDA:0,(anonymous_22)
FNDA:0,(anonymous_23)
DA:1,5
DA:2,5
DA:3,5
DA:4,5
DA:5,5
DA:36,11
DA:38,10
DA:39,5
DA:40,5
DA:41,5
DA:42,5
DA:43,5
DA:46,10
DA:47,5
DA:50,10
DA:51,5
DA:52,2
DA:55,4
DA:58,5
DA:59,5
DA:60,5
DA:63,10
DA:64,0
DA:65,0
DA:66,0
DA:67,0
DA:68,0
DA:69,0
DA:71,0
DA:72,0
DA:75,0
DA:78,0
DA:79,0
DA:80,0
DA:83,10
DA:84,10
DA:85,10
DA:86,10
DA:87,0
DA:91,10
DA:92,20
DA:93,20
DA:101,0
DA:105,20
DA:109,0
DA:113,20
DA:115,20
DA:116,0
DA:128,20
DA:130,20
DA:131,114
DA:136,0
DA:143,0
DA:150,20
DA:154,0
DA:158,20
DA:162,0
DA:166,20
DA:171,10
DA:172,5
DA:173,5
DA:174,5
DA:179,10
DA:180,0
DA:181,0
DA:182,0
DA:186,10
DA:198,0
DA:199,0
DA:208,0
DA:209,0
DA:219,10
DA:251,5
LF:73
LH:46
BRDA:51,0,0,2
BRDA:55,1,0,4
BRDA:55,1,1,4
BRDA:58,2,0,2
BRDA:59,3,0,2
BRDA:60,4,0,2
BRDA:64,5,0,0
BRDA:64,5,1,0
BRDA:71,6,0,0
BRDA:75,7,0,0
BRDA:75,7,1,0
BRDA:78,8,0,0
BRDA:79,9,0,0
BRDA:80,10,0,0
BRDA:96,11,0,20
BRDA:96,11,1,20
BRDA:115,12,0,0
BRDA:115,12,1,20
BRDA:131,13,0,21
BRDA:131,13,1,93
BRDA:141,14,0,14
BRDA:141,14,1,79
BRDA:153,15,0,20
BRDA:153,15,1,15
BRF:24
BRH:15
end_of_record
TN:
SF:src/components/characters/CharacterDetail.tsx
FN:14,(anonymous_1)
FN:41,(anonymous_2)
FN:45,(anonymous_3)
FN:69,(anonymous_4)
FN:185,(anonymous_5)
FN:187,(anonymous_6)
FN:208,(anonymous_7)
FN:210,(anonymous_8)
FNF:8
FNH:3
FNDA:1,(anonymous_1)
FNDA:1,(anonymous_2)
FNDA:1,(anonymous_3)
FNDA:0,(anonymous_4)
FNDA:0,(anonymous_5)
FNDA:0,(anonymous_6)
FNDA:0,(anonymous_7)
FNDA:0,(anonymous_8)
DA:1,1
DA:2,1
DA:3,1
DA:4,1
DA:12,1
DA:14,1
DA:15,1
DA:16,1
DA:17,1
DA:20,1
DA:39,1
DA:41,1
DA:42,1
DA:45,1
DA:46,1
DA:47,0
DA:48,0
DA:50,0
DA:51,0
DA:52,0
DA:53,0
DA:54,0
DA:56,0
DA:59,0
DA:60,0
DA:61,0
DA:62,0
DA:63,0
DA:65,0
DA:69,1
DA:70,0
DA:73,0
DA:80,1
DA:186,0
DA:187,0
DA:209,0
DA:210,0
DA:236,1
LF:38
LH:18
BRDA:50,0,0,0
BRDA:59,1,0,0
BRDA:83,2,0,1
BRDA:83,2,1,0
BRDA:101,3,0,0
BRDA:101,3,1,1
BRDA:109,4,0,0
BRDA:109,4,1,1
BRDA:110,5,0,0
BRDA:110,5,1,1
BRDA:117,6,0,1
BRDA:117,6,1,0
BRDA:118,7,0,1
BRDA:118,7,1,0
BRDA:127,8,0,0
BRDA:127,8,1,1
BRDA:128,9,0,0
BRDA:128,9,1,1
BRDA:135,10,0,0
BRDA:135,10,1,1
BRDA:136,11,0,0
BRDA:136,11,1,1
BRDA:143,12,0,0
BRDA:143,12,1,1
BRDA:144,13,0,0
BRDA:144,13,1,1
BRDA:151,14,0,0
BRDA:151,14,1,1
BRDA:152,15,0,0
BRDA:152,15,1,1
BRDA:159,16,0,0
BRDA:159,16,1,1
BRDA:160,17,0,0
BRDA:160,17,1,1
BRDA:167,18,0,0
BRDA:167,18,1,1
BRDA:168,19,0,0
BRDA:168,19,1,1
BRDA:183,20,0,0
BRDA:183,20,1,1
BRDA:207,21,0,0
BRDA:207,21,1,1
BRF:42
BRH:20
end_of_record
TN:
SF:src/components/houses/HousesDetail.tsx
FN:14,HousesTableMore
FN:34,(anonymous_2)
FN:39,(anonymous_3)
FN:72,(anonymous_4)
FN:176,(anonymous_5)
FN:181,(anonymous_6)
FN:205,(anonymous_7)
FN:227,(anonymous_8)
FNF:8
FNH:3
FNDA:1,HousesTableMore
FNDA:1,(anonymous_2)
FNDA:1,(anonymous_3)
FNDA:0,(anonymous_4)
FNDA:0,(anonymous_5)
FNDA:0,(anonymous_6)
FNDA:0,(anonymous_7)
FNDA:0,(anonymous_8)
DA:1,1
DA:2,1
DA:3,1
DA:4,1
DA:12,1
DA:15,1
DA:16,1
DA:23,1
DA:25,1
DA:26,1
DA:27,1
DA:28,1
DA:29,1
DA:31,1
DA:34,1
DA:36,1
DA:39,1
DA:40,1
DA:41,0
DA:42,0
DA:43,0
DA:45,0
DA:46,0
DA:47,0
DA:48,0
DA:49,0
DA:55,0
DA:57,0
DA:58,0
DA:59,0
DA:62,0
DA:63,0
DA:64,0
DA:66,0
DA:67,0
DA:68,0
DA:72,1
DA:73,0
DA:74,0
DA:75,0
DA:82,0
DA:89,0
DA:96,1
DA:180,0
DA:182,0
DA:206,0
DA:228,0
DA:256,1
LF:48
LH:21
BRDA:45,0,0,0
BRDA:57,1,0,0
BRDA:62,2,0,0
BRDA:66,3,0,0
BRDA:74,4,0,0
BRDA:74,4,1,0
BRDA:76,5,0,0
BRDA:76,5,1,0
BRDA:83,6,0,0
BRDA:83,6,1,0
BRDA:121,7,0,0
BRDA:121,7,1,1
BRDA:122,8,0,0
BRDA:122,8,1,1
BRDA:129,9,0,0
BRDA:129,9,1,1
BRDA:130,10,0,0
BRDA:130,10,1,1
BRDA:139,11,0,0
BRDA:139,11,1,1
BRDA:140,12,0,0
BRDA:140,12,1,1
BRDA:148,13,0,0
BRDA:148,13,1,1
BRDA:149,14,0,0
BRDA:149,14,1,1
BRDA:156,15,0,0
BRDA:156,15,1,1
BRDA:157,16,0,0
BRDA:157,16,1,1
BRDA:174,17,0,1
BRDA:174,17,1,0
BRDA:204,18,0,0
BRDA:204,18,1,1
BRDA:204,19,0,1
BRDA:204,19,1,1
BRDA:226,20,0,0
BRDA:226,20,1,1
BRDA:226,21,0,1
BRDA:226,21,1,1
BRF:40
BRH:17
end_of_record
TN:
SF:src/components/navigation/NavigationBar.tsx
FN:8,NavigationBar
FN:23,(anonymous_2)
FN:29,(anonymous_3)
FN:37,(anonymous_4)
FN:43,(anonymous_5)
FN:53,(anonymous_6)
FN:60,(anonymous_7)
FN:62,(anonymous_8)
FN:69,(anonymous_9)
FN:72,(anonymous_10)
FN:106,(anonymous_11)
FN:146,(anonymous_12)
FN:166,(anonymous_13)
FN:184,(anonymous_14)
FN:193,(anonymous_15)
FN:204,(anonymous_16)
FN:216,(anonymous_17)
FN:224,(anonymous_18)
FN:227,(anonymous_19)
FN:234,(anonymous_20)
FNF:20
FNH:6
FNDA:2,NavigationBar
FNDA:1,(anonymous_2)
FNDA:0,(anonymous_3)
FNDA:0,(anonymous_4)
FNDA:0,(anonymous_5)
FNDA:0,(anonymous_6)
FNDA:0,(anonymous_7)
FNDA:0,(anonymous_8)
FNDA:0,(anonymous_9)
FNDA:0,(anonymous_10)
FNDA:12,(anonymous_11)
FNDA:1,(anonymous_12)
FNDA:10,(anonymous_13)
FNDA:4,(anonymous_14)
FNDA:0,(anonymous_15)
FNDA:0,(anonymous_16)
FNDA:0,(anonymous_17)
FNDA:0,(anonymous_18)
FNDA:0,(anonymous_19)
FNDA:0,(anonymous_20)
DA:1,1
DA:2,1
DA:3,1
DA:4,1
DA:5,1
DA:6,1
DA:16,2
DA:18,2
DA:19,2
DA:20,2
DA:21,2
DA:23,2
DA:24,1
DA:27,1
DA:29,2
DA:33,0
DA:34,0
DA:35,0
DA:37,0
DA:38,0
DA:39,0
DA:43,2
DA:44,0
DA:45,0
DA:46,0
DA:47,0
DA:48,0
DA:53,0
DA:55,0
DA:56,0
DA:60,2
DA:61,0
DA:62,0
DA:63,0
DA:65,0
DA:69,2
DA:70,0
DA:72,0
DA:73,0
DA:74,0
DA:75,0
DA:76,0
DA:77,0
DA:78,0
DA:79,0
DA:80,0
DA:81,0
DA:82,0
DA:84,0
DA:91,0
DA:93,0
DA:96,0
DA:106,2
DA:108,12
DA:112,12
DA:117,12
DA:122,0
DA:125,0
DA:130,12
DA:132,6
DA:135,12
DA:136,6
DA:141,12
DA:142,12
DA:146,2
DA:147,1
DA:148,1
DA:150,2
DA:167,10
DA:185,4
DA:193,0
DA:205,0
DA:217,0
DA:218,0
DA:225,0
DA:227,0
DA:234,0
DA:244,1
LF:78
LH:35
BRDA:24,0,0,0
BRDA:24,0,1,1
BRDA:45,1,0,0
BRDA:45,1,1,0
BRDA:84,2,0,0
BRDA:84,2,1,0
BRDA:85,3,0,0
BRDA:85,3,1,0
BRDA:108,4,0,0
BRDA:108,4,1,12
BRDA:112,5,0,0
BRDA:112,5,1,12
BRDA:112,6,0,12
BRDA:112,6,1,12
BRDA:112,6,2,12
BRDA:117,7,0,0
BRDA:117,7,1,12
BRDA:130,8,0,6
BRDA:135,9,0,6
BRDA:141,10,0,0
BRDA:141,10,1,12
BRDA:147,11,0,0
BRDA:147,11,1,1
BRDA:167,12,0,2
BRDA:167,12,1,8
BRDA:171,13,0,1
BRDA:171,13,1,1
BRDA:173,14,0,0
BRDA:173,14,1,1
BRDA:175,15,0,0
BRDA:175,15,1,1
BRDA:223,16,0,0
BRDA:223,16,1,2
BRDA:230,17,0,0
BRDA:230,17,1,2
BRF:35
BRH:19
end_of_record
TN:
SF:src/data/users.ts
FN:1,(anonymous_0)
FNF:1
FNH:1
FNDA:10,(anonymous_0)
DA:1,3
DA:2,10
DA:29,10
LF:3
LH:3
BRF:0
BRH:0
end_of_record
TN:
SF:src/pages/About.tsx
FN:5,(anonymous_1)
FN:14,(anonymous_2)
FN:19,(anonymous_3)
FNF:3
FNH:3
FNDA:1,(anonymous_1)
FNDA:1,(anonymous_2)
FNDA:1,(anonymous_3)
DA:1,1
DA:2,1
DA:3,1
DA:5,1
DA:6,1
DA:14,1
DA:15,1
DA:16,0
DA:19,1
DA:20,1
DA:23,1
DA:79,1
LF:12
LH:11
BRF:0
BRH:0
end_of_record
TN:
SF:src/pages/Books.tsx
FN:7,(anonymous_1)
FN:10,(anonymous_2)
FN:16,(anonymous_3)
FN:20,(anonymous_4)
FN:57,(anonymous_5)
FNF:5
FNH:4
FNDA:4,(anonymous_1)
FNDA:3,(anonymous_2)
FNDA:2,(anonymous_3)
FNDA:0,(anonymous_4)
FNDA:10,(anonymous_5)
DA:1,1
DA:2,1
DA:3,1
DA:4,1
DA:5,1
DA:7,1
DA:8,4
DA:10,3
DA:11,3
DA:12,3
DA:13,2
DA:16,3
DA:17,2
DA:20,3
DA:22,3
DA:70,10
DA:109,1
LF:17
LH:17
BRDA:94,0,0,1
BRDA:94,0,1,2
BRF:2
BRH:2
end_of_record
TN:
SF:src/pages/Characters.tsx
FN:10,(anonymous_1)
FN:32,(anonymous_2)
FN:45,(anonymous_3)
FN:101,(anonymous_4)
FN:111,(anonymous_5)
FN:123,(anonymous_6)
FN:128,(anonymous_7)
FN:146,(anonymous_8)
FN:156,(anonymous_9)
FN:230,(anonymous_10)
FN:242,(anonymous_11)
FN:260,(anonymous_12)
FN:276,(anonymous_13)
FN:337,(anonymous_14)
FN:344,(anonymous_15)
FN:357,(anonymous_16)
FN:368,(anonymous_17)
FN:379,(anonymous_18)
FN:390,(anonymous_19)
FN:402,(anonymous_20)
FN:423,(anonymous_21)
FN:445,(anonymous_22)
FNF:22
FNH:2
FNDA:1,(anonymous_1)
FNDA:0,(anonymous_2)
FNDA:0,(anonymous_3)
FNDA:1,(anonymous_4)
FNDA:0,(anonymous_5)
FNDA:0,(anonymous_6)
FNDA:0,(anonymous_7)
FNDA:0,(anonymous_8)
FNDA:0,(anonymous_9)
FNDA:0,(anonymous_10)
FNDA:0,(anonymous_11)
FNDA:0,(anonymous_12)
FNDA:0,(anonymous_13)
FNDA:0,(anonymous_14)
FNDA:0,(anonymous_15)
FNDA:0,(anonymous_16)
FNDA:0,(anonymous_17)
FNDA:0,(anonymous_18)
FNDA:0,(anonymous_19)
FNDA:0,(anonymous_20)
FNDA:0,(anonymous_21)
FNDA:0,(anonymous_22)
DA:1,1
DA:2,1
DA:3,1
DA:4,1
DA:5,1
DA:6,1
DA:7,1
DA:8,1
DA:10,1
DA:11,1
DA:12,1
DA:13,1
DA:14,1
DA:15,1
DA:16,1
DA:18,1
DA:19,1
DA:20,1
DA:21,1
DA:23,1
DA:24,1
DA:25,1
DA:26,1
DA:28,1
DA:30,1
DA:32,1
DA:41,0
DA:43,0
DA:45,0
DA:46,0
DA:53,0
DA:54,0
DA:55,0
DA:56,0
DA:57,0
DA:58,0
DA:59,0
DA:60,0
DA:62,0
DA:63,0
DA:70,0
DA:71,0
DA:73,0
DA:74,0
DA:76,0
DA:77,0
DA:78,0
DA:79,0
DA:80,0
DA:81,0
DA:83,0
DA:84,0
DA:88,0
DA:89,0
DA:90,0
DA:91,0
DA:92,0
DA:93,0
DA:94,0
DA:95,0
DA:96,0
DA:101,1
DA:111,1
DA:112,0
DA:113,0
DA:115,0
DA:116,0
DA:119,0
DA:123,1
DA:125,0
DA:126,0
DA:128,0
DA:129,0
DA:130,0
DA:131,0
DA:132,0
DA:133,0
DA:134,0
DA:135,0
DA:136,0
DA:137,0
DA:138,0
DA:139,0
DA:142,0
DA:146,1
DA:147,1
DA:156,1
DA:162,0
DA:163,0
DA:164,0
DA:171,0
DA:178,0
DA:186,1
DA:240,0
DA:241,0
DA:242,0
DA:245,0
DA:261,0
DA:262,0
DA:265,0
DA:277,0
DA:337,0
DA:345,0
DA:357,0
DA:368,0
DA:379,0
DA:390,0
DA:402,0
DA:424,0
DA:445,0
DA:467,1
LF:111
LH:34
BRDA:46,0,0,0
BRDA:46,0,1,0
BRDA:47,1,0,0
BRDA:47,1,1,0
BRDA:47,1,2,0
BRDA:47,1,3,0
BRDA:47,1,4,0
BRDA:63,2,0,0
BRDA:64,3,0,0
BRDA:64,3,1,0
BRDA:64,3,2,0
BRDA:64,3,3,0
BRDA:64,3,4,0
BRDA:76,4,0,0
BRDA:77,5,0,0
BRDA:78,6,0,0
BRDA:79,7,0,0
BRDA:80,8,0,0
BRDA:81,9,0,0
BRDA:163,10,0,0
BRDA:163,10,1,0
BRDA:165,11,0,0
BRDA:165,11,1,0
BRDA:172,12,0,0
BRDA:172,12,1,0
BRDA:218,13,0,0
BRDA:218,13,1,1
BRDA:256,14,0,0
BRDA:256,14,1,0
BRDA:281,15,0,0
BRDA:281,15,1,0
BRDA:401,16,0,1
BRDA:401,16,1,0
BRDA:406,17,0,0
BRDA:406,17,1,1
BRDA:452,18,0,0
BRDA:452,18,1,1
BRF:37
BRH:4
end_of_record
TN:
SF:src/pages/ErrorPage.tsx
FN:4,ErrorPage
FN:6,(anonymous_1)
FN:7,(anonymous_2)
FN:12,(anonymous_3)
FN:13,(anonymous_4)
FNF:5
FNH:3
FNDA:1,ErrorPage
FNDA:5,(anonymous_1)
FNDA:0,(anonymous_2)
FNDA:1,(anonymous_3)
FNDA:0,(anonymous_4)
DA:1,1
DA:2,1
DA:4,1
DA:5,1
DA:6,1
DA:7,5
DA:8,0
DA:11,1
DA:12,1
DA:13,1
DA:14,0
DA:16,1
DA:17,5
DA:20,1
LF:14
LH:12
BRDA:25,0,0,0
BRDA:25,0,1,1
BRF:2
BRH:1
end_of_record
TN:
SF:src/pages/Houses.tsx
FN:8,HousesTable
FN:13,(anonymous_2)
FN:21,(anonymous_3)
FN:23,(anonymous_4)
FN:64,(anonymous_5)
FN:83,(anonymous_6)
FNF:6
FNH:2
FNDA:1,HousesTable
FNDA:1,(anonymous_2)
FNDA:0,(anonymous_3)
FNDA:0,(anonymous_4)
FNDA:0,(anonymous_5)
FNDA:0,(anonymous_6)
DA:1,1
DA:2,1
DA:3,1
DA:4,1
DA:5,1
DA:6,1
DA:9,1
DA:10,1
DA:13,1
DA:14,1
DA:18,0
DA:21,1
DA:23,1
DA:24,0
DA:27,0
DA:34,1
DA:73,0
DA:83,0
DA:109,1
LF:19
LH:14
BRF:0
BRH:0
end_of_record
TN:
SF:src/pages/Login.tsx
FN:12,LoginForm
FN:31,(anonymous_2)
FN:32,(anonymous_3)
FN:48,(anonymous_4)
FN:51,(anonymous_5)
FN:67,(anonymous_6)
FN:71,(anonymous_7)
FN:75,(anonymous_8)
FN:78,(anonymous_9)
FN:82,(anonymous_10)
FN:91,(anonymous_11)
FN:117,(anonymous_12)
FN:121,(anonymous_13)
FN:126,(anonymous_14)
FN:129,(anonymous_15)
FN:140,(anonymous_16)
FN:144,(anonymous_17)
FN:150,(anonymous_18)
FN:155,(anonymous_19)
FN:209,(anonymous_20)
FN:233,(anonymous_21)
FN:262,(anonymous_22)
FN:269,(anonymous_23)
FNF:23
FNH:12
FNDA:7,LoginForm
FNDA:7,(anonymous_2)
FNDA:0,(anonymous_3)
FNDA:0,(anonymous_4)
FNDA:0,(anonymous_5)
FNDA:0,(anonymous_6)
FNDA:1,(anonymous_7)
FNDA:4,(anonymous_8)
FNDA:4,(anonymous_9)
FNDA:4,(anonymous_10)
FNDA:0,(anonymous_11)
FNDA:4,(anonymous_12)
FNDA:1,(anonymous_13)
FNDA:0,(anonymous_14)
FNDA:4,(anonymous_15)
FNDA:0,(anonymous_16)
FNDA:0,(anonymous_17)
FNDA:0,(anonymous_18)
FNDA:0,(anonymous_19)
FNDA:1,(anonymous_20)
FNDA:1,(anonymous_21)
FNDA:0,(anonymous_22)
FNDA:1,(anonymous_23)
DA:1,1
DA:2,1
DA:3,1
DA:4,1
DA:6,1
DA:7,1
DA:8,1
DA:9,1
DA:10,1
DA:20,7
DA:21,7
DA:22,7
DA:23,7
DA:24,7
DA:25,7
DA:26,7
DA:27,7
DA:28,7
DA:29,7
DA:31,7
DA:32,7
DA:34,0
DA:35,0
DA:36,0
DA:37,0
DA:39,0
DA:41,0
DA:42,0
DA:43,0
DA:44,0
DA:48,0
DA:49,0
DA:51,0
DA:52,0
DA:53,0
DA:54,0
DA:55,0
DA:56,0
DA:57,0
DA:58,0
DA:67,7
DA:68,0
DA:71,7
DA:72,1
DA:73,1
DA:74,1
DA:75,4
DA:77,1
DA:78,4
DA:81,1
DA:82,1
DA:83,4
DA:84,0
DA:85,4
DA:86,0
DA:87,4
DA:88,0
DA:90,4
DA:91,4
DA:92,0
DA:93,0
DA:94,0
DA:95,0
DA:96,0
DA:97,0
DA:98,0
DA:100,0
DA:101,0
DA:103,0
DA:106,0
DA:107,0
DA:110,0
DA:111,0
DA:117,7
DA:121,7
DA:122,1
DA:123,1
DA:126,7
DA:127,0
DA:129,7
DA:130,4
DA:132,4
DA:136,0
DA:137,0
DA:138,0
DA:140,0
DA:141,0
DA:142,0
DA:144,0
DA:150,0
DA:151,0
DA:152,0
DA:153,0
DA:155,0
DA:156,0
DA:157,0
DA:158,0
DA:159,0
DA:160,0
DA:161,0
DA:162,0
DA:163,0
DA:169,7
DA:175,7
DA:210,1
DA:233,1
DA:262,0
DA:269,1
DA:282,1
LF:109
LH:50
BRDA:34,0,0,0
BRDA:34,0,1,0
BRDA:36,1,0,0
BRDA:36,1,1,0
BRDA:37,2,0,0
BRDA:37,2,1,0
BRDA:41,3,0,0
BRDA:68,4,0,0
BRDA:68,4,1,0
BRDA:81,5,0,1
BRDA:81,5,1,0
BRDA:83,6,0,0
BRDA:83,6,1,4
BRDA:83,7,0,4
BRDA:83,7,1,4
BRDA:85,8,0,0
BRDA:85,8,1,4
BRDA:85,9,0,4
BRDA:85,9,1,4
BRDA:87,10,0,0
BRDA:87,10,1,4
BRDA:96,11,0,0
BRDA:96,11,1,0
BRDA:132,12,0,0
BRDA:133,13,0,4
BRDA:133,13,1,0
BRDA:136,14,0,0
BRDA:141,15,0,0
BRDA:151,16,0,0
BRDA:156,17,0,0
BRDA:177,18,0,1
BRDA:177,18,1,6
BRDA:185,19,0,0
BRDA:185,19,1,1
BRDA:219,20,0,0
BRDA:219,20,1,6
BRDA:248,21,0,0
BRDA:248,21,1,6
BRDA:267,22,0,6
BRDA:267,22,1,2
BRF:40
BRH:16
end_of_record
TN:
SF:src/pages/Lore.tsx
FN:3,(anonymous_0)
FNF:1
FNH:1
FNDA:1,(anonymous_0)
DA:1,1
DA:3,1
DA:4,1
DA:24,1
LF:4
LH:4
BRF:0
BRH:0
end_of_record
TN:
SF:src/pages/Splash.tsx
FN:4,Splash
FN:7,(anonymous_1)
FN:47,(anonymous_2)
FNF:3
FNH:1
FNDA:1,Splash
FNDA:0,(anonymous_1)
FNDA:0,(anonymous_2)
DA:1,1
DA:2,1
DA:4,1
DA:5,1
DA:7,1
DA:9,0
DA:10,0
DA:11,0
DA:12,0
DA:15,0
DA:17,0
DA:18,0
DA:19,0
DA:20,0
DA:22,0
DA:26,0
DA:28,0
DA:29,0
DA:31,0
DA:33,0
DA:34,0
DA:37,0
DA:40,0
DA:43,1
DA:47,0
LF:25
LH:6
BRDA:10,0,0,0
BRDA:15,1,0,0
BRDA:15,1,1,0
BRDA:22,2,0,0
BRDA:22,2,1,0
BRDA:23,3,0,0
BRDA:23,3,1,0
BRF:7
BRH:0
end_of_record
TN:
SF:src/pages/Users.tsx
FN:7,UsersTable
FN:12,(anonymous_2)
FN:14,(anonymous_3)
FN:37,(anonymous_4)
FNF:4
FNH:3
FNDA:2,UsersTable
FNDA:0,(anonymous_2)
FNDA:1,(anonymous_3)
FNDA:8,(anonymous_4)
DA:1,1
DA:2,1
DA:3,1
DA:4,1
DA:5,1
DA:8,2
DA:12,2
DA:14,2
DA:17,1
DA:20,2
DA:38,8
DA:58,1
LF:12
LH:12
BRF:0
BRH:0
end_of_record
